\BOOKMARK [0][-]{chapter.1}{\376\377\000C\000l\000a\000s\000s\000\040\000I\000n\000d\000e\000x}{}
\BOOKMARK [1][-]{section.1.1}{\376\377\000C\000l\000a\000s\000s\000\040\000L\000i\000s\000t}{chapter.1}
\BOOKMARK [0][-]{chapter.2}{\376\377\000F\000i\000l\000e\000\040\000I\000n\000d\000e\000x}{}
\BOOKMARK [1][-]{section.2.1}{\376\377\000F\000i\000l\000e\000\040\000L\000i\000s\000t}{chapter.2}
\BOOKMARK [0][-]{chapter.3}{\376\377\000C\000l\000a\000s\000s\000\040\000D\000o\000c\000u\000m\000e\000n\000t\000a\000t\000i\000o\000n}{}
\BOOKMARK [1][-]{section.3.1}{\376\377\000c\000o\000l\000o\000r\000M\000a\000p\000\137\000i\000t\000e\000m\000\040\000S\000t\000r\000u\000c\000t\000\040\000R\000e\000f\000e\000r\000e\000n\000c\000e}{chapter.3}
\BOOKMARK [2][-]{subsection.3.1.1}{\376\377\000M\000e\000m\000b\000e\000r\000\040\000D\000a\000t\000a\000\040\000D\000o\000c\000u\000m\000e\000n\000t\000a\000t\000i\000o\000n}{section.3.1}
\BOOKMARK [3][-]{subsubsection.3.1.1.1}{\376\377\000a\000l\000f\000a}{subsection.3.1.1}
\BOOKMARK [3][-]{subsubsection.3.1.1.2}{\376\377\000b}{subsection.3.1.1}
\BOOKMARK [3][-]{subsubsection.3.1.1.3}{\376\377\000g}{subsection.3.1.1}
\BOOKMARK [3][-]{subsubsection.3.1.1.4}{\376\377\000r}{subsection.3.1.1}
\BOOKMARK [0][-]{chapter.4}{\376\377\000F\000i\000l\000e\000\040\000D\000o\000c\000u\000m\000e\000n\000t\000a\000t\000i\000o\000n}{}
\BOOKMARK [1][-]{section.4.1}{\376\377\000/\000h\000o\000m\000e\000/\000a\000a\000h\000m\000g\000b\000r\000/\000D\000r\000o\000p\000b\000o\000x\000/\000u\000n\000i\000c\000a\000m\000p\000/\000d\000i\000s\000c\000i\000p\000l\000i\000n\000a\000s\000/\000I\000A\0003\0006\0009\000/\000M\000e\000u\000s\000P\000r\000o\000g\000r\000a\000m\000a\000s\000/\000w\000o\000r\000k\000s\000p\000a\000c\000e\000/\000c\000u\000b\000e\000/\000s\000r\000c\000/\000g\000l\000s\000l\000.\000c\000p\000p\000\040\000F\000i\000l\000e\000\040\000R\000e\000f\000e\000r\000e\000n\000c\000e}{chapter.4}
\BOOKMARK [2][-]{subsection.4.1.1}{\376\377\000F\000u\000n\000c\000t\000i\000o\000n\000\040\000D\000o\000c\000u\000m\000e\000n\000t\000a\000t\000i\000o\000n}{section.4.1}
\BOOKMARK [3][-]{subsubsection.4.1.1.1}{\376\377\000p\000r\000i\000n\000t\000P\000r\000o\000g\000r\000a\000m\000I\000n\000f\000o\000L\000o\000g}{subsection.4.1.1}
\BOOKMARK [3][-]{subsubsection.4.1.1.2}{\376\377\000p\000r\000i\000n\000t\000S\000h\000a\000d\000e\000r\000I\000n\000f\000o\000L\000o\000g}{subsection.4.1.1}
\BOOKMARK [3][-]{subsubsection.4.1.1.3}{\376\377\000s\000e\000t\000S\000h\000a\000d\000e\000r\000s}{subsection.4.1.1}
\BOOKMARK [3][-]{subsubsection.4.1.1.4}{\376\377\000t\000e\000x\000t\000F\000i\000l\000e\000R\000e\000a\000d}{subsection.4.1.1}
\BOOKMARK [3][-]{subsubsection.4.1.1.5}{\376\377\000t\000e\000x\000t\000F\000i\000l\000e\000W\000r\000i\000t\000e}{subsection.4.1.1}
\BOOKMARK [2][-]{subsection.4.1.2}{\376\377\000V\000a\000r\000i\000a\000b\000l\000e\000\040\000D\000o\000c\000u\000m\000e\000n\000t\000a\000t\000i\000o\000n}{section.4.1}
\BOOKMARK [3][-]{subsubsection.4.1.2.1}{\376\377\000f}{subsection.4.1.2}
\BOOKMARK [3][-]{subsubsection.4.1.2.2}{\376\377\000f\0002}{subsection.4.1.2}
\BOOKMARK [3][-]{subsubsection.4.1.2.3}{\376\377\000g}{subsection.4.1.2}
\BOOKMARK [3][-]{subsubsection.4.1.2.4}{\376\377\000g\000h}{subsection.4.1.2}
\BOOKMARK [3][-]{subsubsection.4.1.2.5}{\376\377\000g\000w}{subsection.4.1.2}
\BOOKMARK [3][-]{subsubsection.4.1.2.6}{\376\377\000p}{subsection.4.1.2}
\BOOKMARK [3][-]{subsubsection.4.1.2.7}{\376\377\000v}{subsection.4.1.2}
\BOOKMARK [1][-]{section.4.2}{\376\377\000/\000h\000o\000m\000e\000/\000a\000a\000h\000m\000g\000b\000r\000/\000D\000r\000o\000p\000b\000o\000x\000/\000u\000n\000i\000c\000a\000m\000p\000/\000d\000i\000s\000c\000i\000p\000l\000i\000n\000a\000s\000/\000I\000A\0003\0006\0009\000/\000M\000e\000u\000s\000P\000r\000o\000g\000r\000a\000m\000a\000s\000/\000w\000o\000r\000k\000s\000p\000a\000c\000e\000/\000c\000u\000b\000e\000/\000s\000r\000c\000/\000g\000l\000s\000l\000.\000h\000\040\000F\000i\000l\000e\000\040\000R\000e\000f\000e\000r\000e\000n\000c\000e}{chapter.4}
\BOOKMARK [2][-]{subsection.4.2.1}{\376\377\000F\000u\000n\000c\000t\000i\000o\000n\000\040\000D\000o\000c\000u\000m\000e\000n\000t\000a\000t\000i\000o\000n}{section.4.2}
\BOOKMARK [3][-]{subsubsection.4.2.1.1}{\376\377\000p\000r\000i\000n\000t\000P\000r\000o\000g\000r\000a\000m\000I\000n\000f\000o\000L\000o\000g}{subsection.4.2.1}
\BOOKMARK [3][-]{subsubsection.4.2.1.2}{\376\377\000p\000r\000i\000n\000t\000S\000h\000a\000d\000e\000r\000I\000n\000f\000o\000L\000o\000g}{subsection.4.2.1}
\BOOKMARK [3][-]{subsubsection.4.2.1.3}{\376\377\000s\000e\000t\000S\000h\000a\000d\000e\000r\000s}{subsection.4.2.1}
\BOOKMARK [3][-]{subsubsection.4.2.1.4}{\376\377\000t\000e\000x\000t\000F\000i\000l\000e\000R\000e\000a\000d}{subsection.4.2.1}
\BOOKMARK [3][-]{subsubsection.4.2.1.5}{\376\377\000t\000e\000x\000t\000F\000i\000l\000e\000W\000r\000i\000t\000e}{subsection.4.2.1}
\BOOKMARK [1][-]{section.4.3}{\376\377\000/\000h\000o\000m\000e\000/\000a\000a\000h\000m\000g\000b\000r\000/\000D\000r\000o\000p\000b\000o\000x\000/\000u\000n\000i\000c\000a\000m\000p\000/\000d\000i\000s\000c\000i\000p\000l\000i\000n\000a\000s\000/\000I\000A\0003\0006\0009\000/\000M\000e\000u\000s\000P\000r\000o\000g\000r\000a\000m\000a\000s\000/\000w\000o\000r\000k\000s\000p\000a\000c\000e\000/\000c\000u\000b\000e\000/\000s\000r\000c\000/\000m\000a\000i\000n\000.\000c\000p\000p\000\040\000F\000i\000l\000e\000\040\000R\000e\000f\000e\000r\000e\000n\000c\000e}{chapter.4}
\BOOKMARK [2][-]{subsection.4.3.1}{\376\377\000D\000e\000f\000i\000n\000e\000\040\000D\000o\000c\000u\000m\000e\000n\000t\000a\000t\000i\000o\000n}{section.4.3}
\BOOKMARK [3][-]{subsubsection.4.3.1.1}{\376\377\000E\000S\000C\000A\000P\000E}{subsection.4.3.1}
\BOOKMARK [3][-]{subsubsection.4.3.1.2}{\376\377\000X}{subsection.4.3.1}
\BOOKMARK [3][-]{subsubsection.4.3.1.3}{\376\377\000Y}{subsection.4.3.1}
\BOOKMARK [3][-]{subsubsection.4.3.1.4}{\376\377\000Z}{subsection.4.3.1}
\BOOKMARK [2][-]{subsection.4.3.2}{\376\377\000F\000u\000n\000c\000t\000i\000o\000n\000\040\000D\000o\000c\000u\000m\000e\000n\000t\000a\000t\000i\000o\000n}{section.4.3}
\BOOKMARK [3][-]{subsubsection.4.3.2.1}{\376\377\000a\000b\000s}{subsection.4.3.2}
\BOOKMARK [3][-]{subsubsection.4.3.2.2}{\376\377\000c\000l\000a\000m\000p}{subsection.4.3.2}
\BOOKMARK [3][-]{subsubsection.4.3.2.3}{\376\377\000c\000r\000e\000a\000t\000e\000P\000r\000e\000i\000n\000t\000e\000g\000r\000a\000t\000i\000o\000n\000T\000a\000b\000l\000e}{subsection.4.3.2}
\BOOKMARK [3][-]{subsubsection.4.3.2.4}{\376\377\000D\000r\000a\000w\000C\000u\000b\000e}{subsection.4.3.2}
\BOOKMARK [3][-]{subsubsection.4.3.2.5}{\376\377\000D\000r\000a\000w\000C\000u\000b\000e\0001}{subsection.4.3.2}
\BOOKMARK [3][-]{subsubsection.4.3.2.6}{\376\377\000D\000r\000a\000w\000G\000L\000S\000c\000e\000n\000e}{subsection.4.3.2}
\BOOKMARK [3][-]{subsubsection.4.3.2.7}{\376\377\000D\000r\000a\000w\000S\000l\000i\000c\000e\000S\000t\000a\000c\000k}{subsection.4.3.2}
\BOOKMARK [3][-]{subsubsection.4.3.2.8}{\376\377\000F\000i\000n\000d\000A\000b\000s\000M\000a\000x\000i\000m\000u\000m}{subsection.4.3.2}
\BOOKMARK [3][-]{subsubsection.4.3.2.9}{\376\377\000G\000e\000r\000e\000n\000c\000i\000a\000M\000o\000u\000s\000e}{subsection.4.3.2}
\BOOKMARK [3][-]{subsubsection.4.3.2.10}{\376\377\000I\000n\000i\000t\000D\000r\000a\000w}{subsection.4.3.2}
\BOOKMARK [3][-]{subsubsection.4.3.2.11}{\376\377\000I\000n\000i\000t\000G\000L}{subsection.4.3.2}
\BOOKMARK [3][-]{subsubsection.4.3.2.12}{\376\377\000I\000n\000i\000t\000T\000e\000x\000t\000u\000r\000e}{subsection.4.3.2}
\BOOKMARK [3][-]{subsubsection.4.3.2.13}{\376\377\000I\000n\000v\000e\000r\000t\000M\000a\000t\000r\000i\000x}{subsection.4.3.2}
\BOOKMARK [3][-]{subsubsection.4.3.2.14}{\376\377\000k\000e\000y\000P\000r\000e\000s\000s\000e\000d}{subsection.4.3.2}
\BOOKMARK [3][-]{subsubsection.4.3.2.15}{\376\377\000m\000a\000i\000n}{subsection.4.3.2}
\BOOKMARK [3][-]{subsubsection.4.3.2.16}{\376\377\000M\000a\000t\000r\000i\000x\000I\000n\000v\000R\000o\000t\000a\000t\000e}{subsection.4.3.2}
\BOOKMARK [3][-]{subsubsection.4.3.2.17}{\376\377\000M\000a\000t\000r\000i\000x\000M\000u\000l\000t\000i\000p\000l\000y}{subsection.4.3.2}
\BOOKMARK [3][-]{subsubsection.4.3.2.18}{\376\377\000M\000a\000t\000V\000e\000c\000M\000u\000l\000t\000i\000p\000l\000y}{subsection.4.3.2}
\BOOKMARK [3][-]{subsubsection.4.3.2.19}{\376\377\000M\000o\000v\000e\000M\000o\000u\000s\000e}{subsection.4.3.2}
\BOOKMARK [3][-]{subsubsection.4.3.2.20}{\376\377\000M\000o\000v\000e\000M\000o\000u\000s\000e\000B\000o\000t\000a\000o\000P\000r\000e\000s\000s\000i\000o\000n\000a\000d\000o}{subsection.4.3.2}
\BOOKMARK [3][-]{subsubsection.4.3.2.21}{\376\377\000r\000e\000a\000d\000R\000A\000W}{subsection.4.3.2}
\BOOKMARK [3][-]{subsubsection.4.3.2.22}{\376\377\000R\000e\000S\000i\000z\000e\000G\000L\000S\000c\000e\000n\000e}{subsection.4.3.2}
\BOOKMARK [3][-]{subsubsection.4.3.2.23}{\376\377\000V\000e\000c\000t\000o\000r\000R\000o\000t\000a\000t\000e}{subsection.4.3.2}
\BOOKMARK [2][-]{subsection.4.3.3}{\376\377\000V\000a\000r\000i\000a\000b\000l\000e\000\040\000D\000o\000c\000u\000m\000e\000n\000t\000a\000t\000i\000o\000n}{section.4.3}
\BOOKMARK [3][-]{subsubsection.4.3.3.1}{\376\377\000b\000t\000S\000t\000a\000t\000u\000s}{subsection.4.3.3}
\BOOKMARK [3][-]{subsubsection.4.3.3.2}{\376\377\000d\000\137\000h\000e\000i\000g\000h\000t}{subsection.4.3.3}
\BOOKMARK [3][-]{subsubsection.4.3.3.3}{\376\377\000d\000\137\000n\000s\000l\000i}{subsection.4.3.3}
\BOOKMARK [3][-]{subsubsection.4.3.3.4}{\376\377\000d\000\137\000s\000l\000i\000c\000e\000s}{subsection.4.3.3}
\BOOKMARK [3][-]{subsubsection.4.3.3.5}{\376\377\000d\000\137\000w\000i\000d\000t\000h}{subsection.4.3.3}
\BOOKMARK [3][-]{subsubsection.4.3.3.6}{\376\377\000h\000i\000g\000h\000\137\000s\000h\000i\000n\000i\000n\000e\000s\000s}{subsection.4.3.3}
\BOOKMARK [3][-]{subsubsection.4.3.3.7}{\376\377\000l\000i\000g\000h\000t\000\137\000a\000m\000b\000i\000e\000n\000t}{subsection.4.3.3}
\BOOKMARK [3][-]{subsubsection.4.3.3.8}{\376\377\000l\000i\000g\000h\000t\000\137\000d\000i\000f\000f\000u\000s\000e}{subsection.4.3.3}
\BOOKMARK [3][-]{subsubsection.4.3.3.9}{\376\377\000l\000i\000g\000h\000t\000\137\000p\000o\000s\000i\000t\000i\000o\000n}{subsection.4.3.3}
\BOOKMARK [3][-]{subsubsection.4.3.3.10}{\376\377\000l\000i\000g\000h\000t\000\137\000s\000p\000e\000c\000u\000l\000a\000r}{subsection.4.3.3}
\BOOKMARK [3][-]{subsubsection.4.3.3.11}{\376\377\000m}{subsection.4.3.3}
\BOOKMARK [3][-]{subsubsection.4.3.3.12}{\376\377\000m\000a\000t\000\137\000a\000m\000b\000i\000e\000n\000t}{subsection.4.3.3}
\BOOKMARK [3][-]{subsubsection.4.3.3.13}{\376\377\000m\000a\000t\000\137\000d\000i\000f\000f\000u\000s\000e}{subsection.4.3.3}
\BOOKMARK [3][-]{subsubsection.4.3.3.14}{\376\377\000m\000a\000t\000\137\000s\000p\000e\000c\000u\000l\000a\000r}{subsection.4.3.3}
\BOOKMARK [3][-]{subsubsection.4.3.3.15}{\376\377\000o\000l\000d\000X\000p}{subsection.4.3.3}
\BOOKMARK [3][-]{subsubsection.4.3.3.16}{\376\377\000o\000l\000d\000X\000r}{subsection.4.3.3}
\BOOKMARK [3][-]{subsubsection.4.3.3.17}{\376\377\000o\000l\000d\000Y\000p}{subsection.4.3.3}
\BOOKMARK [3][-]{subsubsection.4.3.3.18}{\376\377\000o\000l\000d\000Y\000r}{subsection.4.3.3}
\BOOKMARK [3][-]{subsubsection.4.3.3.19}{\376\377\000p\000c\000u\000b\000e}{subsection.4.3.3}
\BOOKMARK [3][-]{subsubsection.4.3.3.20}{\376\377\000r\000a\000w}{subsection.4.3.3}
\BOOKMARK [3][-]{subsubsection.4.3.3.21}{\376\377\000r\000c\000u\000b\000e\000x}{subsection.4.3.3}
\BOOKMARK [3][-]{subsubsection.4.3.3.22}{\376\377\000r\000c\000u\000b\000e\000y}{subsection.4.3.3}
\BOOKMARK [3][-]{subsubsection.4.3.3.23}{\376\377\000s\000t\000i\000c\000k}{subsection.4.3.3}
\BOOKMARK [3][-]{subsubsection.4.3.3.24}{\376\377\000t\000e\000x\000D\000a\000t\000a}{subsection.4.3.3}
\BOOKMARK [3][-]{subsubsection.4.3.3.25}{\376\377\000t\000e\000x\000d\000e\000p\000t\000h}{subsection.4.3.3}
\BOOKMARK [3][-]{subsubsection.4.3.3.26}{\376\377\000t\000e\000x\000h\000e\000i\000g\000h\000t}{subsection.4.3.3}
\BOOKMARK [3][-]{subsubsection.4.3.3.27}{\376\377\000t\000e\000x\000i\000d}{subsection.4.3.3}
\BOOKMARK [3][-]{subsubsection.4.3.3.28}{\376\377\000t\000e\000x\000w\000i\000d\000t\000h}{subsection.4.3.3}
\BOOKMARK [3][-]{subsubsection.4.3.3.29}{\376\377\000t\000h\000e\000V\000o\000l\000u\000m\000e}{subsection.4.3.3}
\BOOKMARK [3][-]{subsubsection.4.3.3.30}{\376\377\000t\000i\000c\000k}{subsection.4.3.3}
\BOOKMARK [3][-]{subsubsection.4.3.3.31}{\376\377\000t\000k}{subsection.4.3.3}
\BOOKMARK [3][-]{subsubsection.4.3.3.32}{\376\377\000T\000p\000r\000o\000x\000y\000G\000e\000o\000m\000e\000t\000r\000y}{subsection.4.3.3}
\BOOKMARK [3][-]{subsubsection.4.3.3.33}{\376\377\000w\000i\000n\000d\000o\000w}{subsection.4.3.3}
\BOOKMARK [3][-]{subsubsection.4.3.3.34}{\376\377\000w\000i\000n\000H\000e\000i\000g\000h\000t}{subsection.4.3.3}
\BOOKMARK [3][-]{subsubsection.4.3.3.35}{\376\377\000w\000i\000n\000W\000i\000d\000t\000h}{subsection.4.3.3}
\BOOKMARK [1][-]{section.4.4}{\376\377\000/\000h\000o\000m\000e\000/\000a\000a\000h\000m\000g\000b\000r\000/\000D\000r\000o\000p\000b\000o\000x\000/\000u\000n\000i\000c\000a\000m\000p\000/\000d\000i\000s\000c\000i\000p\000l\000i\000n\000a\000s\000/\000I\000A\0003\0006\0009\000/\000M\000e\000u\000s\000P\000r\000o\000g\000r\000a\000m\000a\000s\000/\000w\000o\000r\000k\000s\000p\000a\000c\000e\000/\000c\000u\000b\000e\000/\000s\000r\000c\000/\000t\000r\000a\000n\000s\000f\000.\000c\000p\000p\000\040\000F\000i\000l\000e\000\040\000R\000e\000f\000e\000r\000e\000n\000c\000e}{chapter.4}
\BOOKMARK [2][-]{subsection.4.4.1}{\376\377\000F\000u\000n\000c\000t\000i\000o\000n\000\040\000D\000o\000c\000u\000m\000e\000n\000t\000a\000t\000i\000o\000n}{section.4.4}
\BOOKMARK [3][-]{subsubsection.4.4.1.1}{\376\377\000c\000o\000l\000o\000r\000M\000a\000p\000R\000e\000a\000d}{subsection.4.4.1}
\BOOKMARK [3][-]{subsubsection.4.4.1.2}{\376\377\000c\000o\000l\000o\000r\000M\000a\000p\000W\000r\000i\000t\000e}{subsection.4.4.1}
\BOOKMARK [1][-]{section.4.5}{\376\377\000/\000h\000o\000m\000e\000/\000a\000a\000h\000m\000g\000b\000r\000/\000D\000r\000o\000p\000b\000o\000x\000/\000u\000n\000i\000c\000a\000m\000p\000/\000d\000i\000s\000c\000i\000p\000l\000i\000n\000a\000s\000/\000I\000A\0003\0006\0009\000/\000M\000e\000u\000s\000P\000r\000o\000g\000r\000a\000m\000a\000s\000/\000w\000o\000r\000k\000s\000p\000a\000c\000e\000/\000c\000u\000b\000e\000/\000s\000r\000c\000/\000t\000r\000a\000n\000s\000f\000.\000h\000\040\000F\000i\000l\000e\000\040\000R\000e\000f\000e\000r\000e\000n\000c\000e}{chapter.4}
\BOOKMARK [2][-]{subsection.4.5.1}{\376\377\000T\000y\000p\000e\000d\000e\000f\000\040\000D\000o\000c\000u\000m\000e\000n\000t\000a\000t\000i\000o\000n}{section.4.5}
\BOOKMARK [3][-]{subsubsection.4.5.1.1}{\376\377\000C\000O\000L\000O\000R\000M\000A\000P}{subsection.4.5.1}
\BOOKMARK [3][-]{subsubsection.4.5.1.2}{\376\377\000C\000O\000L\000O\000R\000M\000A\000P\000\137\000I\000T\000E\000M}{subsection.4.5.1}
\BOOKMARK [2][-]{subsection.4.5.2}{\376\377\000F\000u\000n\000c\000t\000i\000o\000n\000\040\000D\000o\000c\000u\000m\000e\000n\000t\000a\000t\000i\000o\000n}{section.4.5}
\BOOKMARK [3][-]{subsubsection.4.5.2.1}{\376\377\000c\000o\000l\000o\000r\000M\000a\000p\000R\000e\000a\000d}{subsection.4.5.2}
\BOOKMARK [3][-]{subsubsection.4.5.2.2}{\376\377\000c\000o\000l\000o\000r\000M\000a\000p\000W\000r\000i\000t\000e}{subsection.4.5.2}
